EESSI/2023.06 loaded successfully
cpu-bind=MASK - aion-0117, task  0  0 [26894]: mask 0x1 set
cpu-bind=MASK - aion-0117, task  1  1 [26895]: mask 0x2 set
--------------------------------------------------------------------------
A requested component was not found, or was unable to be opened.  This
means that this component is either not installed or is unable to be
used on your system (e.g., sometimes this means that shared libraries
that the component requires are unable to be found/loaded).  Note that
PMIx stopped checking at the first component that it did not find.

Host:      aion-0117
Framework: psec
Component: munge
--------------------------------------------------------------------------
--------------------------------------------------------------------------
A requested component was not found, or was unable to be opened.  This
means that this component is either not installed or is unable to be
used on your system (e.g., sometimes this means that shared libraries
that the component requires are unable to be found/loaded).  Note that
PMIx stopped checking at the first component that it did not find.

Host:      aion-0117
Framework: psec
Component: munge
--------------------------------------------------------------------------
--------------------------------------------------------------------------
A requested component was not found, or was unable to be opened.  This
means that this component is either not installed or is unable to be
used on your system (e.g., sometimes this means that shared libraries
that the component requires are unable to be found/loaded).  Note that
PMIx stopped checking at the first component that it did not find.

Host:      aion-0117
Framework: psec
Component: munge
--------------------------------------------------------------------------
--------------------------------------------------------------------------
A requested component was not found, or was unable to be opened.  This
means that this component is either not installed or is unable to be
used on your system (e.g., sometimes this means that shared libraries
that the component requires are unable to be found/loaded).  Note that
PMIx stopped checking at the first component that it did not find.

Host:      aion-0117
Framework: psec
Component: munge
--------------------------------------------------------------------------
[aion-0117:26894] MCW rank 0 bound to socket 0[core 0[hwt 0]]: [B/././././././././././././././././././././././././././././././././././././././././././././././././././././././././././././././.][./././././././././././././././././././././././././././././././././././././././././././././././././././././././././././././././.]
[aion-0117:26894] MCW rank 0 bound to socket 0[core 0[hwt 0]]: [B/././././././././././././././././././././././././././././././././././././././././././././././././././././././././././././././.][./././././././././././././././././././././././././././././././././././././././././././././././././././././././././././././././.]
[aion-0117:26895] MCW rank 1 bound to socket 0[core 1[hwt 0]]: [./B/./././././././././././././././././././././././././././././././././././././././././././././././././././././././././././././.][./././././././././././././././././././././././././././././././././././././././././././././././././././././././././././././././.]
[aion-0117:26895] MCW rank 1 bound to socket 0[core 1[hwt 0]]: [./B/./././././././././././././././././././././././././././././././././././././././././././././././././././././././././././././.][./././././././././././././././././././././././././././././././././././././././././././././././././././././././././././././././.]
